[0.348s] Invoking command in '/home/omrit/arm_control_april/src/arm_description': PYTHONPATH=/home/omrit/arm_control_april/build/arm_description/prefix_override:/usr/lib/python3/dist-packages/colcon_core/task/python/colcon_distutils_commands:/home/omrit/arm_control_april/install/arm_description/lib/python3.10/site-packages:${PYTHONPATH} /usr/bin/python3 -W ignore:setup.py install is deprecated -W ignore:easy_install command is deprecated setup.py egg_info --egg-base ../../build/arm_description build --build-base /home/omrit/arm_control_april/build/arm_description/build install --record /home/omrit/arm_control_april/build/arm_description/install.log --single-version-externally-managed install_data
[0.477s] running egg_info
[0.477s] writing ../../build/arm_description/arm_description.egg-info/PKG-INFO
[0.478s] writing dependency_links to ../../build/arm_description/arm_description.egg-info/dependency_links.txt
[0.478s] writing entry points to ../../build/arm_description/arm_description.egg-info/entry_points.txt
[0.478s] writing requirements to ../../build/arm_description/arm_description.egg-info/requires.txt
[0.478s] writing top-level names to ../../build/arm_description/arm_description.egg-info/top_level.txt
[0.480s] reading manifest file '../../build/arm_description/arm_description.egg-info/SOURCES.txt'
[0.480s] writing manifest file '../../build/arm_description/arm_description.egg-info/SOURCES.txt'
[0.480s] running build
[0.481s] running build_py
[0.481s] running install
[0.481s] running install_lib
[0.483s] running install_data
[0.483s] copying launch/sim.launch.py -> /home/omrit/arm_control_april/install/arm_description/share/arm_description/launch
[0.483s] running install_egg_info
[0.484s] removing '/home/omrit/arm_control_april/install/arm_description/lib/python3.10/site-packages/arm_description-0.0.1-py3.10.egg-info' (and everything under it)
[0.485s] Copying ../../build/arm_description/arm_description.egg-info to /home/omrit/arm_control_april/install/arm_description/lib/python3.10/site-packages/arm_description-0.0.1-py3.10.egg-info
[0.486s] running install_scripts
[0.499s] writing list of installed files to '/home/omrit/arm_control_april/build/arm_description/install.log'
[0.517s] Invoked command in '/home/omrit/arm_control_april/src/arm_description' returned '0': PYTHONPATH=/home/omrit/arm_control_april/build/arm_description/prefix_override:/usr/lib/python3/dist-packages/colcon_core/task/python/colcon_distutils_commands:/home/omrit/arm_control_april/install/arm_description/lib/python3.10/site-packages:${PYTHONPATH} /usr/bin/python3 -W ignore:setup.py install is deprecated -W ignore:easy_install command is deprecated setup.py egg_info --egg-base ../../build/arm_description build --build-base /home/omrit/arm_control_april/build/arm_description/build install --record /home/omrit/arm_control_april/build/arm_description/install.log --single-version-externally-managed install_data
