running egg_info
creating build/arm_description/arm_description.egg-info
writing build/arm_description/arm_description.egg-info/PKG-INFO
writing dependency_links to build/arm_description/arm_description.egg-info/dependency_links.txt
writing entry points to build/arm_description/arm_description.egg-info/entry_points.txt
writing requirements to build/arm_description/arm_description.egg-info/requires.txt
writing top-level names to build/arm_description/arm_description.egg-info/top_level.txt
writing manifest file 'build/arm_description/arm_description.egg-info/SOURCES.txt'
reading manifest file 'build/arm_description/arm_description.egg-info/SOURCES.txt'
writing manifest file 'build/arm_description/arm_description.egg-info/SOURCES.txt'
running build
running build_py
creating /home/omrit/arm_control_april/src/arm_description/build/arm_description/build
creating /home/omrit/arm_control_april/src/arm_description/build/arm_description/build/lib
creating /home/omrit/arm_control_april/src/arm_description/build/arm_description/build/lib/arm_description
copying arm_description/__init__.py -> /home/omrit/arm_control_april/src/arm_description/build/arm_description/build/lib/arm_description
running install
running install_lib
creating /home/omrit/arm_control_april/src/arm_description/install/arm_description/lib/python3.10/site-packages/arm_description
copying /home/omrit/arm_control_april/src/arm_description/build/arm_description/build/lib/arm_description/__init__.py -> /home/omrit/arm_control_april/src/arm_description/install/arm_description/lib/python3.10/site-packages/arm_description
byte-compiling /home/omrit/arm_control_april/src/arm_description/install/arm_description/lib/python3.10/site-packages/arm_description/__init__.py to __init__.cpython-310.pyc
running install_data
creating /home/omrit/arm_control_april/src/arm_description/install/arm_description/share/ament_index
creating /home/omrit/arm_control_april/src/arm_description/install/arm_description/share/ament_index/resource_index
creating /home/omrit/arm_control_april/src/arm_description/install/arm_description/share/ament_index/resource_index/packages
copying resource/arm_description -> /home/omrit/arm_control_april/src/arm_description/install/arm_description/share/ament_index/resource_index/packages
copying package.xml -> /home/omrit/arm_control_april/src/arm_description/install/arm_description/share/arm_description
running install_egg_info
Copying build/arm_description/arm_description.egg-info to /home/omrit/arm_control_april/src/arm_description/install/arm_description/lib/python3.10/site-packages/arm_description-0.0.0-py3.10.egg-info
running install_scripts
writing list of installed files to '/home/omrit/arm_control_april/src/arm_description/build/arm_description/install.log'
