[1.406s] Invoking command in '/home/omrit/arm_control_april/src/arm_description': PYTHONPATH=/home/omrit/arm_control_april/src/arm_description/build/arm_description/prefix_override:/usr/lib/python3/dist-packages/colcon_core/task/python/colcon_distutils_commands:/home/omrit/arm_control_april/src/arm_description/install/arm_description/lib/python3.10/site-packages:${PYTHONPATH} /usr/bin/python3 -W ignore:setup.py install is deprecated -W ignore:easy_install command is deprecated setup.py egg_info --egg-base build/arm_description build --build-base /home/omrit/arm_control_april/src/arm_description/build/arm_description/build install --record /home/omrit/arm_control_april/src/arm_description/build/arm_description/install.log --single-version-externally-managed install_data
[1.793s] running egg_info
[1.794s] creating build/arm_description/arm_description.egg-info
[1.795s] writing build/arm_description/arm_description.egg-info/PKG-INFO
[1.796s] writing dependency_links to build/arm_description/arm_description.egg-info/dependency_links.txt
[1.798s] writing entry points to build/arm_description/arm_description.egg-info/entry_points.txt
[1.799s] writing requirements to build/arm_description/arm_description.egg-info/requires.txt
[1.799s] writing top-level names to build/arm_description/arm_description.egg-info/top_level.txt
[1.799s] writing manifest file 'build/arm_description/arm_description.egg-info/SOURCES.txt'
[1.804s] reading manifest file 'build/arm_description/arm_description.egg-info/SOURCES.txt'
[1.805s] writing manifest file 'build/arm_description/arm_description.egg-info/SOURCES.txt'
[1.805s] running build
[1.805s] running build_py
[1.806s] creating /home/omrit/arm_control_april/src/arm_description/build/arm_description/build
[1.806s] creating /home/omrit/arm_control_april/src/arm_description/build/arm_description/build/lib
[1.806s] creating /home/omrit/arm_control_april/src/arm_description/build/arm_description/build/lib/arm_description
[1.807s] copying arm_description/__init__.py -> /home/omrit/arm_control_april/src/arm_description/build/arm_description/build/lib/arm_description
[1.807s] running install
[1.808s] running install_lib
[1.809s] creating /home/omrit/arm_control_april/src/arm_description/install/arm_description/lib/python3.10/site-packages/arm_description
[1.810s] copying /home/omrit/arm_control_april/src/arm_description/build/arm_description/build/lib/arm_description/__init__.py -> /home/omrit/arm_control_april/src/arm_description/install/arm_description/lib/python3.10/site-packages/arm_description
[1.810s] byte-compiling /home/omrit/arm_control_april/src/arm_description/install/arm_description/lib/python3.10/site-packages/arm_description/__init__.py to __init__.cpython-310.pyc
[1.811s] running install_data
[1.811s] creating /home/omrit/arm_control_april/src/arm_description/install/arm_description/share/ament_index
[1.811s] creating /home/omrit/arm_control_april/src/arm_description/install/arm_description/share/ament_index/resource_index
[1.811s] creating /home/omrit/arm_control_april/src/arm_description/install/arm_description/share/ament_index/resource_index/packages
[1.812s] copying resource/arm_description -> /home/omrit/arm_control_april/src/arm_description/install/arm_description/share/ament_index/resource_index/packages
[1.813s] copying package.xml -> /home/omrit/arm_control_april/src/arm_description/install/arm_description/share/arm_description
[1.815s] running install_egg_info
[1.819s] Copying build/arm_description/arm_description.egg-info to /home/omrit/arm_control_april/src/arm_description/install/arm_description/lib/python3.10/site-packages/arm_description-0.0.0-py3.10.egg-info
[1.822s] running install_scripts
[1.863s] writing list of installed files to '/home/omrit/arm_control_april/src/arm_description/build/arm_description/install.log'
[1.904s] Invoked command in '/home/omrit/arm_control_april/src/arm_description' returned '0': PYTHONPATH=/home/omrit/arm_control_april/src/arm_description/build/arm_description/prefix_override:/usr/lib/python3/dist-packages/colcon_core/task/python/colcon_distutils_commands:/home/omrit/arm_control_april/src/arm_description/install/arm_description/lib/python3.10/site-packages:${PYTHONPATH} /usr/bin/python3 -W ignore:setup.py install is deprecated -W ignore:easy_install command is deprecated setup.py egg_info --egg-base build/arm_description build --build-base /home/omrit/arm_control_april/src/arm_description/build/arm_description/build install --record /home/omrit/arm_control_april/src/arm_description/build/arm_description/install.log --single-version-externally-managed install_data
