[0.367s] Invoking command in '/home/omrit/arm_control_april/src/arm_description': PYTHONPATH=/home/omrit/arm_control_april/build/arm_description/prefix_override:/usr/lib/python3/dist-packages/colcon_core/task/python/colcon_distutils_commands:/home/omrit/arm_control_april/install/arm_description/lib/python3.10/site-packages:${PYTHONPATH} /usr/bin/python3 -W ignore:setup.py install is deprecated -W ignore:easy_install command is deprecated setup.py egg_info --egg-base ../../build/arm_description build --build-base /home/omrit/arm_control_april/build/arm_description/build install --record /home/omrit/arm_control_april/build/arm_description/install.log --single-version-externally-managed install_data
[0.539s] running egg_info
[0.540s] writing ../../build/arm_description/arm_description.egg-info/PKG-INFO
[0.540s] writing dependency_links to ../../build/arm_description/arm_description.egg-info/dependency_links.txt
[0.540s] writing entry points to ../../build/arm_description/arm_description.egg-info/entry_points.txt
[0.540s] writing requirements to ../../build/arm_description/arm_description.egg-info/requires.txt
[0.541s] writing top-level names to ../../build/arm_description/arm_description.egg-info/top_level.txt
[0.542s] reading manifest file '../../build/arm_description/arm_description.egg-info/SOURCES.txt'
[0.542s] writing manifest file '../../build/arm_description/arm_description.egg-info/SOURCES.txt'
[0.543s] running build
[0.543s] running build_py
[0.543s] running install
[0.543s] running install_lib
[0.544s] running install_data
[0.544s] running install_egg_info
[0.545s] removing '/home/omrit/arm_control_april/install/arm_description/lib/python3.10/site-packages/arm_description-0.0.1-py3.10.egg-info' (and everything under it)
[0.546s] Copying ../../build/arm_description/arm_description.egg-info to /home/omrit/arm_control_april/install/arm_description/lib/python3.10/site-packages/arm_description-0.0.1-py3.10.egg-info
[0.547s] running install_scripts
[0.562s] writing list of installed files to '/home/omrit/arm_control_april/build/arm_description/install.log'
[0.578s] Invoked command in '/home/omrit/arm_control_april/src/arm_description' returned '0': PYTHONPATH=/home/omrit/arm_control_april/build/arm_description/prefix_override:/usr/lib/python3/dist-packages/colcon_core/task/python/colcon_distutils_commands:/home/omrit/arm_control_april/install/arm_description/lib/python3.10/site-packages:${PYTHONPATH} /usr/bin/python3 -W ignore:setup.py install is deprecated -W ignore:easy_install command is deprecated setup.py egg_info --egg-base ../../build/arm_description build --build-base /home/omrit/arm_control_april/build/arm_description/build install --record /home/omrit/arm_control_april/build/arm_description/install.log --single-version-externally-managed install_data
