[0.547s] DEBUG:colcon:Command line arguments: ['/usr/bin/colcon', 'build']
[0.548s] DEBUG:colcon:Parsed command line arguments: Namespace(log_base=None, log_level=None, verb_name='build', build_base='build', install_base='install', merge_install=False, symlink_install=False, test_result_base=None, continue_on_error=False, executor='parallel', parallel_workers=16, event_handlers=None, ignore_user_meta=False, metas=['./colcon.meta'], base_paths=['.'], packages_ignore=None, packages_ignore_regex=None, paths=None, packages_up_to=None, packages_up_to_regex=None, packages_above=None, packages_above_and_dependencies=None, packages_above_depth=None, packages_select_by_dep=None, packages_skip_by_dep=None, packages_skip_up_to=None, packages_select_build_failed=False, packages_skip_build_finished=False, packages_select_test_failures=False, packages_skip_test_passed=False, packages_select=None, packages_skip=None, packages_select_regex=None, packages_skip_regex=None, packages_start=None, packages_end=None, allow_overriding=[], cmake_args=None, cmake_target=None, cmake_target_skip_unavailable=False, cmake_clean_cache=False, cmake_clean_first=False, cmake_force_configure=False, ament_cmake_args=None, catkin_cmake_args=None, catkin_skip_building_tests=False, mixin_files=None, mixin=None, verb_parser=<colcon_mixin.mixin.mixin_argument.MixinArgumentDecorator object at 0x7f94174bc9d0>, verb_extension=<colcon_core.verb.build.BuildVerb object at 0x7f94175cd870>, main=<bound method BuildVerb.main of <colcon_core.verb.build.BuildVerb object at 0x7f94175cd870>>, mixin_verb=('build',))
[1.121s] Level 1:colcon.colcon_core.package_discovery:discover_packages(colcon_meta) check parameters
[1.121s] Level 1:colcon.colcon_core.package_discovery:discover_packages(recursive) check parameters
[1.121s] Level 1:colcon.colcon_core.package_discovery:discover_packages(ignore) check parameters
[1.121s] Level 1:colcon.colcon_core.package_discovery:discover_packages(path) check parameters
[1.121s] Level 1:colcon.colcon_core.package_discovery:discover_packages(colcon_meta) discover
[1.122s] Level 1:colcon.colcon_core.package_discovery:discover_packages(recursive) discover
[1.122s] INFO:colcon.colcon_core.package_discovery:Crawling recursively for packages in '/home/omrit/arm_control_april/src/arm_description'
[1.122s] Level 1:colcon.colcon_core.package_identification:_identify(.) by extensions ['ignore', 'ignore_ament_install']
[1.122s] Level 1:colcon.colcon_core.package_identification:_identify(.) by extension 'ignore'
[1.122s] Level 1:colcon.colcon_core.package_identification:_identify(.) by extension 'ignore_ament_install'
[1.122s] Level 1:colcon.colcon_core.package_identification:_identify(.) by extensions ['colcon_pkg']
[1.122s] Level 1:colcon.colcon_core.package_identification:_identify(.) by extension 'colcon_pkg'
[1.122s] Level 1:colcon.colcon_core.package_identification:_identify(.) by extensions ['colcon_meta']
[1.122s] Level 1:colcon.colcon_core.package_identification:_identify(.) by extension 'colcon_meta'
[1.122s] Level 1:colcon.colcon_core.package_identification:_identify(.) by extensions ['ros']
[1.122s] Level 1:colcon.colcon_core.package_identification:_identify(.) by extension 'ros'
[1.150s] DEBUG:colcon.colcon_core.package_identification:Package '.' with type 'ros.ament_python' and name 'arm_description'
[1.151s] Level 1:colcon.colcon_core.package_discovery:discover_packages(recursive) using defaults
[1.151s] Level 1:colcon.colcon_core.package_discovery:discover_packages(ignore) discover
[1.151s] Level 1:colcon.colcon_core.package_discovery:discover_packages(ignore) using defaults
[1.151s] Level 1:colcon.colcon_core.package_discovery:discover_packages(path) discover
[1.151s] Level 1:colcon.colcon_core.package_discovery:discover_packages(path) using defaults
[1.235s] Level 1:colcon.colcon_core.package_discovery:discover_packages(prefix_path) check parameters
[1.235s] Level 1:colcon.colcon_core.package_discovery:discover_packages(prefix_path) discover
[1.249s] DEBUG:colcon.colcon_installed_package_information.package_discovery:Found 1 installed packages in /home/omrit/arm_control_april/src/install
[1.250s] DEBUG:colcon.colcon_installed_package_information.package_discovery:Found 1 installed packages in /home/omrit/arm_control_april/src/arm_description/install
[1.252s] DEBUG:colcon.colcon_installed_package_information.package_discovery:Found 0 installed packages in /home/omrit/ros2_ws_try/install
[1.256s] DEBUG:colcon.colcon_installed_package_information.package_discovery:Found 334 installed packages in /opt/ros/humble
[1.258s] Level 1:colcon.colcon_core.package_discovery:discover_packages(prefix_path) using defaults
[1.428s] Level 5:colcon.colcon_core.verb:set package 'arm_description' build argument 'cmake_args' from command line to 'None'
[1.428s] Level 5:colcon.colcon_core.verb:set package 'arm_description' build argument 'cmake_target' from command line to 'None'
[1.428s] Level 5:colcon.colcon_core.verb:set package 'arm_description' build argument 'cmake_target_skip_unavailable' from command line to 'False'
[1.428s] Level 5:colcon.colcon_core.verb:set package 'arm_description' build argument 'cmake_clean_cache' from command line to 'False'
[1.428s] Level 5:colcon.colcon_core.verb:set package 'arm_description' build argument 'cmake_clean_first' from command line to 'False'
[1.428s] Level 5:colcon.colcon_core.verb:set package 'arm_description' build argument 'cmake_force_configure' from command line to 'False'
[1.428s] Level 5:colcon.colcon_core.verb:set package 'arm_description' build argument 'ament_cmake_args' from command line to 'None'
[1.428s] Level 5:colcon.colcon_core.verb:set package 'arm_description' build argument 'catkin_cmake_args' from command line to 'None'
[1.428s] Level 5:colcon.colcon_core.verb:set package 'arm_description' build argument 'catkin_skip_building_tests' from command line to 'False'
[1.428s] DEBUG:colcon.colcon_core.verb:Building package 'arm_description' with the following arguments: {'ament_cmake_args': None, 'build_base': '/home/omrit/arm_control_april/src/arm_description/build/arm_description', 'catkin_cmake_args': None, 'catkin_skip_building_tests': False, 'cmake_args': None, 'cmake_clean_cache': False, 'cmake_clean_first': False, 'cmake_force_configure': False, 'cmake_target': None, 'cmake_target_skip_unavailable': False, 'install_base': '/home/omrit/arm_control_april/src/arm_description/install/arm_description', 'merge_install': False, 'path': '/home/omrit/arm_control_april/src/arm_description', 'symlink_install': False, 'test_result_base': None}
[1.428s] INFO:colcon.colcon_core.executor:Executing jobs using 'parallel' executor
[1.430s] DEBUG:colcon.colcon_parallel_executor.executor.parallel:run_until_complete
[1.431s] INFO:colcon.colcon_ros.task.ament_python.build:Building ROS package in '/home/omrit/arm_control_april/src/arm_description' with build type 'ament_python'
[1.431s] Level 1:colcon.colcon_core.shell:create_environment_hook('arm_description', 'ament_prefix_path')
[1.440s] INFO:colcon.colcon_core.plugin_system:Skipping extension 'colcon_core.shell.bat': Not used on non-Windows systems
[1.440s] INFO:colcon.colcon_core.shell:Creating environment hook '/home/omrit/arm_control_april/src/arm_description/install/arm_description/share/arm_description/hook/ament_prefix_path.ps1'
[1.444s] INFO:colcon.colcon_core.shell:Creating environment descriptor '/home/omrit/arm_control_april/src/arm_description/install/arm_description/share/arm_description/hook/ament_prefix_path.dsv'
[1.446s] INFO:colcon.colcon_core.shell:Creating environment hook '/home/omrit/arm_control_april/src/arm_description/install/arm_description/share/arm_description/hook/ament_prefix_path.sh'
[1.450s] INFO:colcon.colcon_core.shell:Skip shell extension 'powershell' for command environment: Not usable outside of PowerShell
[1.450s] DEBUG:colcon.colcon_core.shell:Skip shell extension 'dsv' for command environment
[1.886s] WARNING:colcon.colcon_ros.task.ament_python.build:Package 'arm_description' doesn't explicitly install a marker in the package index (colcon-ros currently does it implicitly but that fallback will be removed in the future)
[1.889s] INFO:colcon.colcon_core.task.python.build:Building Python package in '/home/omrit/arm_control_april/src/arm_description'
[1.889s] INFO:colcon.colcon_core.shell:Skip shell extension 'powershell' for command environment: Not usable outside of PowerShell
[1.890s] DEBUG:colcon.colcon_core.shell:Skip shell extension 'dsv' for command environment
[3.115s] DEBUG:colcon.colcon_core.event_handler.log_command:Invoking command in '/home/omrit/arm_control_april/src/arm_description': PYTHONPATH=/home/omrit/arm_control_april/src/arm_description/build/arm_description/prefix_override:/usr/lib/python3/dist-packages/colcon_core/task/python/colcon_distutils_commands:/home/omrit/arm_control_april/src/arm_description/install/arm_description/lib/python3.10/site-packages:${PYTHONPATH} /usr/bin/python3 -W ignore:setup.py install is deprecated -W ignore:easy_install command is deprecated setup.py egg_info --egg-base build/arm_description build --build-base /home/omrit/arm_control_april/src/arm_description/build/arm_description/build install --record /home/omrit/arm_control_april/src/arm_description/build/arm_description/install.log --single-version-externally-managed install_data
[3.700s] DEBUG:colcon.colcon_core.event_handler.log_command:Invoked command in '/home/omrit/arm_control_april/src/arm_description' returned '0': PYTHONPATH=/home/omrit/arm_control_april/src/arm_description/build/arm_description/prefix_override:/usr/lib/python3/dist-packages/colcon_core/task/python/colcon_distutils_commands:/home/omrit/arm_control_april/src/arm_description/install/arm_description/lib/python3.10/site-packages:${PYTHONPATH} /usr/bin/python3 -W ignore:setup.py install is deprecated -W ignore:easy_install command is deprecated setup.py egg_info --egg-base build/arm_description build --build-base /home/omrit/arm_control_april/src/arm_description/build/arm_description/build install --record /home/omrit/arm_control_april/src/arm_description/build/arm_description/install.log --single-version-externally-managed install_data
[3.717s] Level 1:colcon.colcon_core.environment:checking '/home/omrit/arm_control_april/src/arm_description/install/arm_description' for CMake module files
[3.717s] Level 1:colcon.colcon_core.environment:checking '/home/omrit/arm_control_april/src/arm_description/install/arm_description' for CMake config files
[3.725s] Level 1:colcon.colcon_core.environment:checking '/home/omrit/arm_control_april/src/arm_description/install/arm_description/lib'
[3.725s] Level 1:colcon.colcon_core.environment:checking '/home/omrit/arm_control_april/src/arm_description/install/arm_description/bin'
[3.725s] Level 1:colcon.colcon_core.environment:checking '/home/omrit/arm_control_april/src/arm_description/install/arm_description/lib/pkgconfig/arm_description.pc'
[3.726s] Level 1:colcon.colcon_core.environment:checking '/home/omrit/arm_control_april/src/arm_description/install/arm_description/lib/python3.10/site-packages'
[3.726s] Level 1:colcon.colcon_core.shell:create_environment_hook('arm_description', 'pythonpath')
[3.726s] INFO:colcon.colcon_core.shell:Creating environment hook '/home/omrit/arm_control_april/src/arm_description/install/arm_description/share/arm_description/hook/pythonpath.ps1'
[3.727s] INFO:colcon.colcon_core.shell:Creating environment descriptor '/home/omrit/arm_control_april/src/arm_description/install/arm_description/share/arm_description/hook/pythonpath.dsv'
[3.728s] INFO:colcon.colcon_core.shell:Creating environment hook '/home/omrit/arm_control_april/src/arm_description/install/arm_description/share/arm_description/hook/pythonpath.sh'
[3.729s] Level 1:colcon.colcon_core.environment:checking '/home/omrit/arm_control_april/src/arm_description/install/arm_description/bin'
[3.729s] Level 1:colcon.colcon_core.environment:create_environment_scripts_only(arm_description)
[3.729s] INFO:colcon.colcon_core.shell:Creating package script '/home/omrit/arm_control_april/src/arm_description/install/arm_description/share/arm_description/package.ps1'
[3.731s] INFO:colcon.colcon_core.shell:Creating package descriptor '/home/omrit/arm_control_april/src/arm_description/install/arm_description/share/arm_description/package.dsv'
[3.734s] INFO:colcon.colcon_core.shell:Creating package script '/home/omrit/arm_control_april/src/arm_description/install/arm_description/share/arm_description/package.sh'
[3.737s] INFO:colcon.colcon_core.shell:Creating package script '/home/omrit/arm_control_april/src/arm_description/install/arm_description/share/arm_description/package.bash'
[3.740s] INFO:colcon.colcon_core.shell:Creating package script '/home/omrit/arm_control_april/src/arm_description/install/arm_description/share/arm_description/package.zsh'
[3.746s] Level 1:colcon.colcon_core.environment:create_file_with_runtime_dependencies(/home/omrit/arm_control_april/src/arm_description/install/arm_description/share/colcon-core/packages/arm_description)
[3.750s] DEBUG:colcon.colcon_parallel_executor.executor.parallel:closing loop
[3.751s] DEBUG:colcon.colcon_parallel_executor.executor.parallel:loop closed
[3.752s] DEBUG:colcon.colcon_parallel_executor.executor.parallel:run_until_complete finished with '0'
[3.752s] DEBUG:colcon.colcon_core.event_reactor:joining thread
[3.997s] INFO:colcon.colcon_core.plugin_system:Skipping extension 'colcon_notification.desktop_notification.notify_send': Could not find 'notify-send'
[3.998s] INFO:colcon.colcon_core.plugin_system:Skipping extension 'colcon_notification.desktop_notification.terminal_notifier': Not used on non-Darwin systems
[3.998s] INFO:colcon.colcon_core.plugin_system:Skipping extension 'colcon_notification.desktop_notification.win32': Not used on non-Windows systems
[3.998s] INFO:colcon.colcon_notification.desktop_notification:Sending desktop notification using 'notify2'
[4.005s] DEBUG:colcon.colcon_notification.desktop_notification.notify2:Failed to initialize notify2: org.freedesktop.DBus.Error.ServiceUnknown: The name org.freedesktop.Notifications was not provided by any .service files
[4.005s] DEBUG:colcon.colcon_core.event_reactor:joined thread
[4.006s] INFO:colcon.colcon_core.shell:Creating prefix script '/home/omrit/arm_control_april/src/arm_description/install/local_setup.ps1'
[4.008s] INFO:colcon.colcon_core.shell:Creating prefix util module '/home/omrit/arm_control_april/src/arm_description/install/_local_setup_util_ps1.py'
[4.011s] INFO:colcon.colcon_core.shell:Creating prefix chain script '/home/omrit/arm_control_april/src/arm_description/install/setup.ps1'
[4.014s] INFO:colcon.colcon_core.shell:Creating prefix script '/home/omrit/arm_control_april/src/arm_description/install/local_setup.sh'
[4.017s] INFO:colcon.colcon_core.shell:Creating prefix util module '/home/omrit/arm_control_april/src/arm_description/install/_local_setup_util_sh.py'
[4.018s] INFO:colcon.colcon_core.shell:Creating prefix chain script '/home/omrit/arm_control_april/src/arm_description/install/setup.sh'
[4.022s] INFO:colcon.colcon_core.shell:Creating prefix script '/home/omrit/arm_control_april/src/arm_description/install/local_setup.bash'
[4.024s] INFO:colcon.colcon_core.shell:Creating prefix chain script '/home/omrit/arm_control_april/src/arm_description/install/setup.bash'
[4.028s] INFO:colcon.colcon_core.shell:Creating prefix script '/home/omrit/arm_control_april/src/arm_description/install/local_setup.zsh'
[4.032s] INFO:colcon.colcon_core.shell:Creating prefix chain script '/home/omrit/arm_control_april/src/arm_description/install/setup.zsh'
