running egg_info
writing ../build/arm_description/arm_description.egg-info/PKG-INFO
writing dependency_links to ../build/arm_description/arm_description.egg-info/dependency_links.txt
writing entry points to ../build/arm_description/arm_description.egg-info/entry_points.txt
writing requirements to ../build/arm_description/arm_description.egg-info/requires.txt
writing top-level names to ../build/arm_description/arm_description.egg-info/top_level.txt
reading manifest file '../build/arm_description/arm_description.egg-info/SOURCES.txt'
writing manifest file '../build/arm_description/arm_description.egg-info/SOURCES.txt'
running build
running build_py
running install
running install_lib
running install_data
copying package.xml -> /home/omrit/arm_control_april/src/install/arm_description/share/arm_description
creating /home/omrit/arm_control_april/src/install/arm_description/share/arm_description/launch
copying launch/sim.launch.py -> /home/omrit/arm_control_april/src/install/arm_description/share/arm_description/launch
copying launch/arm_description.launch.py -> /home/omrit/arm_control_april/src/install/arm_description/share/arm_description/launch
creating /home/omrit/arm_control_april/src/install/arm_description/share/arm_description/rviz
creating /home/omrit/arm_control_april/src/install/arm_description/share/arm_description/world
running install_egg_info
Copying ../build/arm_description/arm_description.egg-info to /home/omrit/arm_control_april/src/install/arm_description/lib/python3.10/site-packages/arm_description-0.0.1-py3.10.egg-info
running install_scripts
writing list of installed files to '/home/omrit/arm_control_april/src/build/arm_description/install.log'
