running egg_info
creating ../../build/arm_description/arm_description.egg-info
writing ../../build/arm_description/arm_description.egg-info/PKG-INFO
writing dependency_links to ../../build/arm_description/arm_description.egg-info/dependency_links.txt
writing entry points to ../../build/arm_description/arm_description.egg-info/entry_points.txt
writing requirements to ../../build/arm_description/arm_description.egg-info/requires.txt
writing top-level names to ../../build/arm_description/arm_description.egg-info/top_level.txt
writing manifest file '../../build/arm_description/arm_description.egg-info/SOURCES.txt'
reading manifest file '../../build/arm_description/arm_description.egg-info/SOURCES.txt'
writing manifest file '../../build/arm_description/arm_description.egg-info/SOURCES.txt'
running build
running build_py
creating /home/omrit/arm_control_april/build/arm_description/build
creating /home/omrit/arm_control_april/build/arm_description/build/lib
creating /home/omrit/arm_control_april/build/arm_description/build/lib/arm_description
copying arm_description/__init__.py -> /home/omrit/arm_control_april/build/arm_description/build/lib/arm_description
running install
running install_lib
creating /home/omrit/arm_control_april/install/arm_description/lib/python3.10/site-packages/arm_description
copying /home/omrit/arm_control_april/build/arm_description/build/lib/arm_description/__init__.py -> /home/omrit/arm_control_april/install/arm_description/lib/python3.10/site-packages/arm_description
byte-compiling /home/omrit/arm_control_april/install/arm_description/lib/python3.10/site-packages/arm_description/__init__.py to __init__.cpython-310.pyc
running install_data
copying package.xml -> /home/omrit/arm_control_april/install/arm_description/share/arm_description
creating /home/omrit/arm_control_april/install/arm_description/share/arm_description/urdf
copying arm_description/urdf/my_rover.urdf -> /home/omrit/arm_control_april/install/arm_description/share/arm_description/urdf
creating /home/omrit/arm_control_april/install/arm_description/share/arm_description/meshes
copying arm_description/meshes/base_link.STL -> /home/omrit/arm_control_april/install/arm_description/share/arm_description/meshes
copying arm_description/meshes/end_effector.STL -> /home/omrit/arm_control_april/install/arm_description/share/arm_description/meshes
copying arm_description/meshes/link_1.STL -> /home/omrit/arm_control_april/install/arm_description/share/arm_description/meshes
copying arm_description/meshes/link_2.STL -> /home/omrit/arm_control_april/install/arm_description/share/arm_description/meshes
copying arm_description/meshes/link_3.STL -> /home/omrit/arm_control_april/install/arm_description/share/arm_description/meshes
copying arm_description/meshes/link_4.STL -> /home/omrit/arm_control_april/install/arm_description/share/arm_description/meshes
running install_egg_info
Copying ../../build/arm_description/arm_description.egg-info to /home/omrit/arm_control_april/install/arm_description/lib/python3.10/site-packages/arm_description-0.0.0-py3.10.egg-info
running install_scripts
writing list of installed files to '/home/omrit/arm_control_april/build/arm_description/install.log'
