[2.162s] Invoking command in '/home/omrit/arm_control_april/src/arm_description': PYTHONPATH=/home/omrit/arm_control_april/build/arm_description/prefix_override:/usr/lib/python3/dist-packages/colcon_core/task/python/colcon_distutils_commands:/home/omrit/arm_control_april/install/arm_description/lib/python3.10/site-packages:${PYTHONPATH} /usr/bin/python3 -W ignore:setup.py install is deprecated -W ignore:easy_install command is deprecated setup.py egg_info --egg-base ../../build/arm_description build --build-base /home/omrit/arm_control_april/build/arm_description/build install --record /home/omrit/arm_control_april/build/arm_description/install.log --single-version-externally-managed install_data
[2.762s] running egg_info
[2.764s] writing ../../build/arm_description/arm_description.egg-info/PKG-INFO
[2.764s] writing dependency_links to ../../build/arm_description/arm_description.egg-info/dependency_links.txt
[2.765s] writing entry points to ../../build/arm_description/arm_description.egg-info/entry_points.txt
[2.765s] writing requirements to ../../build/arm_description/arm_description.egg-info/requires.txt
[2.765s] writing top-level names to ../../build/arm_description/arm_description.egg-info/top_level.txt
[2.771s] reading manifest file '../../build/arm_description/arm_description.egg-info/SOURCES.txt'
[2.775s] writing manifest file '../../build/arm_description/arm_description.egg-info/SOURCES.txt'
[2.776s] running build
[2.776s] running build_py
[2.778s] running install
[2.779s] running install_lib
[2.784s] running install_data
[2.785s] copying package.xml -> /home/omrit/arm_control_april/install/arm_description/share/arm_description
[2.787s] creating /home/omrit/arm_control_april/install/arm_description/share/arm_description/launch
[2.788s] copying launch/sim.launch.py -> /home/omrit/arm_control_april/install/arm_description/share/arm_description/launch
[2.789s] copying launch/arm_description.launch.py -> /home/omrit/arm_control_april/install/arm_description/share/arm_description/launch
[2.792s] creating /home/omrit/arm_control_april/install/arm_description/share/arm_description/rviz
[2.794s] creating /home/omrit/arm_control_april/install/arm_description/share/arm_description/world
[2.796s] running install_egg_info
[2.802s] Copying ../../build/arm_description/arm_description.egg-info to /home/omrit/arm_control_april/install/arm_description/lib/python3.10/site-packages/arm_description-0.0.1-py3.10.egg-info
[2.809s] running install_scripts
[2.874s] writing list of installed files to '/home/omrit/arm_control_april/build/arm_description/install.log'
[2.969s] Invoked command in '/home/omrit/arm_control_april/src/arm_description' returned '0': PYTHONPATH=/home/omrit/arm_control_april/build/arm_description/prefix_override:/usr/lib/python3/dist-packages/colcon_core/task/python/colcon_distutils_commands:/home/omrit/arm_control_april/install/arm_description/lib/python3.10/site-packages:${PYTHONPATH} /usr/bin/python3 -W ignore:setup.py install is deprecated -W ignore:easy_install command is deprecated setup.py egg_info --egg-base ../../build/arm_description build --build-base /home/omrit/arm_control_april/build/arm_description/build install --record /home/omrit/arm_control_april/build/arm_description/install.log --single-version-externally-managed install_data
