[0.618s] DEBUG:colcon:Command line arguments: ['/usr/bin/colcon', 'build']
[0.619s] DEBUG:colcon:Parsed command line arguments: Namespace(log_base=None, log_level=None, verb_name='build', build_base='build', install_base='install', merge_install=False, symlink_install=False, test_result_base=None, continue_on_error=False, executor='parallel', parallel_workers=16, event_handlers=None, ignore_user_meta=False, metas=['./colcon.meta'], base_paths=['.'], packages_ignore=None, packages_ignore_regex=None, paths=None, packages_up_to=None, packages_up_to_regex=None, packages_above=None, packages_above_and_dependencies=None, packages_above_depth=None, packages_select_by_dep=None, packages_skip_by_dep=None, packages_skip_up_to=None, packages_select_build_failed=False, packages_skip_build_finished=False, packages_select_test_failures=False, packages_skip_test_passed=False, packages_select=None, packages_skip=None, packages_select_regex=None, packages_skip_regex=None, packages_start=None, packages_end=None, allow_overriding=[], cmake_args=None, cmake_target=None, cmake_target_skip_unavailable=False, cmake_clean_cache=False, cmake_clean_first=False, cmake_force_configure=False, ament_cmake_args=None, catkin_cmake_args=None, catkin_skip_building_tests=False, mixin_files=None, mixin=None, verb_parser=<colcon_mixin.mixin.mixin_argument.MixinArgumentDecorator object at 0x7fd39a340760>, verb_extension=<colcon_core.verb.build.BuildVerb object at 0x7fd39a451600>, main=<bound method BuildVerb.main of <colcon_core.verb.build.BuildVerb object at 0x7fd39a451600>>, mixin_verb=('build',))
[1.156s] Level 1:colcon.colcon_core.package_discovery:discover_packages(colcon_meta) check parameters
[1.157s] Level 1:colcon.colcon_core.package_discovery:discover_packages(recursive) check parameters
[1.157s] Level 1:colcon.colcon_core.package_discovery:discover_packages(ignore) check parameters
[1.157s] Level 1:colcon.colcon_core.package_discovery:discover_packages(path) check parameters
[1.157s] Level 1:colcon.colcon_core.package_discovery:discover_packages(colcon_meta) discover
[1.157s] Level 1:colcon.colcon_core.package_discovery:discover_packages(recursive) discover
[1.157s] INFO:colcon.colcon_core.package_discovery:Crawling recursively for packages in '/home/omrit/arm_control_april/src'
[1.157s] Level 1:colcon.colcon_core.package_identification:_identify(.) by extensions ['ignore', 'ignore_ament_install']
[1.157s] Level 1:colcon.colcon_core.package_identification:_identify(.) by extension 'ignore'
[1.157s] Level 1:colcon.colcon_core.package_identification:_identify(.) by extension 'ignore_ament_install'
[1.157s] Level 1:colcon.colcon_core.package_identification:_identify(.) by extensions ['colcon_pkg']
[1.157s] Level 1:colcon.colcon_core.package_identification:_identify(.) by extension 'colcon_pkg'
[1.158s] Level 1:colcon.colcon_core.package_identification:_identify(.) by extensions ['colcon_meta']
[1.158s] Level 1:colcon.colcon_core.package_identification:_identify(.) by extension 'colcon_meta'
[1.158s] Level 1:colcon.colcon_core.package_identification:_identify(.) by extensions ['ros']
[1.158s] Level 1:colcon.colcon_core.package_identification:_identify(.) by extension 'ros'
[1.184s] Level 1:colcon.colcon_core.package_identification:_identify(.) by extensions ['cmake', 'python']
[1.184s] Level 1:colcon.colcon_core.package_identification:_identify(.) by extension 'cmake'
[1.184s] Level 1:colcon.colcon_core.package_identification:_identify(.) by extension 'python'
[1.184s] Level 1:colcon.colcon_core.package_identification:_identify(.) by extensions ['python_setup_py']
[1.184s] Level 1:colcon.colcon_core.package_identification:_identify(.) by extension 'python_setup_py'
[1.184s] Level 1:colcon.colcon_core.package_identification:_identify(arm_description) by extensions ['ignore', 'ignore_ament_install']
[1.184s] Level 1:colcon.colcon_core.package_identification:_identify(arm_description) by extension 'ignore'
[1.184s] Level 1:colcon.colcon_core.package_identification:_identify(arm_description) by extension 'ignore_ament_install'
[1.185s] Level 1:colcon.colcon_core.package_identification:_identify(arm_description) by extensions ['colcon_pkg']
[1.185s] Level 1:colcon.colcon_core.package_identification:_identify(arm_description) by extension 'colcon_pkg'
[1.185s] Level 1:colcon.colcon_core.package_identification:_identify(arm_description) by extensions ['colcon_meta']
[1.185s] Level 1:colcon.colcon_core.package_identification:_identify(arm_description) by extension 'colcon_meta'
[1.185s] Level 1:colcon.colcon_core.package_identification:_identify(arm_description) by extensions ['ros']
[1.185s] Level 1:colcon.colcon_core.package_identification:_identify(arm_description) by extension 'ros'
[1.191s] DEBUG:colcon.colcon_core.package_identification:Package 'arm_description' with type 'ros.ament_python' and name 'arm_description'
[1.192s] Level 1:colcon.colcon_core.package_identification:_identify(build) by extensions ['ignore', 'ignore_ament_install']
[1.192s] Level 1:colcon.colcon_core.package_identification:_identify(build) by extension 'ignore'
[1.192s] Level 1:colcon.colcon_core.package_identification:_identify(build) ignored
[1.192s] Level 1:colcon.colcon_core.package_identification:_identify(install) by extensions ['ignore', 'ignore_ament_install']
[1.192s] Level 1:colcon.colcon_core.package_identification:_identify(install) by extension 'ignore'
[1.192s] Level 1:colcon.colcon_core.package_identification:_identify(install) ignored
[1.192s] Level 1:colcon.colcon_core.package_identification:_identify(log) by extensions ['ignore', 'ignore_ament_install']
[1.192s] Level 1:colcon.colcon_core.package_identification:_identify(log) by extension 'ignore'
[1.192s] Level 1:colcon.colcon_core.package_identification:_identify(log) ignored
[1.193s] Level 1:colcon.colcon_core.package_discovery:discover_packages(recursive) using defaults
[1.193s] Level 1:colcon.colcon_core.package_discovery:discover_packages(ignore) discover
[1.193s] Level 1:colcon.colcon_core.package_discovery:discover_packages(ignore) using defaults
[1.193s] Level 1:colcon.colcon_core.package_discovery:discover_packages(path) discover
[1.193s] Level 1:colcon.colcon_core.package_discovery:discover_packages(path) using defaults
[1.281s] Level 1:colcon.colcon_core.package_discovery:discover_packages(prefix_path) check parameters
[1.281s] Level 1:colcon.colcon_core.package_discovery:discover_packages(prefix_path) discover
[1.288s] DEBUG:colcon.colcon_installed_package_information.package_discovery:Found 1 installed packages in /home/omrit/arm_control_april/src/arm_description/install
[1.289s] DEBUG:colcon.colcon_installed_package_information.package_discovery:Found 0 installed packages in /home/omrit/ros2_ws_try/install
[1.293s] DEBUG:colcon.colcon_installed_package_information.package_discovery:Found 334 installed packages in /opt/ros/humble
[1.295s] Level 1:colcon.colcon_core.package_discovery:discover_packages(prefix_path) using defaults
[1.466s] Level 5:colcon.colcon_core.verb:set package 'arm_description' build argument 'cmake_args' from command line to 'None'
[1.466s] Level 5:colcon.colcon_core.verb:set package 'arm_description' build argument 'cmake_target' from command line to 'None'
[1.466s] Level 5:colcon.colcon_core.verb:set package 'arm_description' build argument 'cmake_target_skip_unavailable' from command line to 'False'
[1.467s] Level 5:colcon.colcon_core.verb:set package 'arm_description' build argument 'cmake_clean_cache' from command line to 'False'
[1.467s] Level 5:colcon.colcon_core.verb:set package 'arm_description' build argument 'cmake_clean_first' from command line to 'False'
[1.467s] Level 5:colcon.colcon_core.verb:set package 'arm_description' build argument 'cmake_force_configure' from command line to 'False'
[1.467s] Level 5:colcon.colcon_core.verb:set package 'arm_description' build argument 'ament_cmake_args' from command line to 'None'
[1.467s] Level 5:colcon.colcon_core.verb:set package 'arm_description' build argument 'catkin_cmake_args' from command line to 'None'
[1.467s] Level 5:colcon.colcon_core.verb:set package 'arm_description' build argument 'catkin_skip_building_tests' from command line to 'False'
[1.467s] DEBUG:colcon.colcon_core.verb:Building package 'arm_description' with the following arguments: {'ament_cmake_args': None, 'build_base': '/home/omrit/arm_control_april/src/build/arm_description', 'catkin_cmake_args': None, 'catkin_skip_building_tests': False, 'cmake_args': None, 'cmake_clean_cache': False, 'cmake_clean_first': False, 'cmake_force_configure': False, 'cmake_target': None, 'cmake_target_skip_unavailable': False, 'install_base': '/home/omrit/arm_control_april/src/install/arm_description', 'merge_install': False, 'path': '/home/omrit/arm_control_april/src/arm_description', 'symlink_install': False, 'test_result_base': None}
[1.467s] INFO:colcon.colcon_core.executor:Executing jobs using 'parallel' executor
[1.468s] DEBUG:colcon.colcon_parallel_executor.executor.parallel:run_until_complete
[1.469s] INFO:colcon.colcon_ros.task.ament_python.build:Building ROS package in '/home/omrit/arm_control_april/src/arm_description' with build type 'ament_python'
[1.469s] Level 1:colcon.colcon_core.shell:create_environment_hook('arm_description', 'ament_prefix_path')
[1.482s] INFO:colcon.colcon_core.plugin_system:Skipping extension 'colcon_core.shell.bat': Not used on non-Windows systems
[1.482s] INFO:colcon.colcon_core.shell:Creating environment hook '/home/omrit/arm_control_april/src/install/arm_description/share/arm_description/hook/ament_prefix_path.ps1'
[1.485s] INFO:colcon.colcon_core.shell:Creating environment descriptor '/home/omrit/arm_control_april/src/install/arm_description/share/arm_description/hook/ament_prefix_path.dsv'
[1.486s] INFO:colcon.colcon_core.shell:Creating environment hook '/home/omrit/arm_control_april/src/install/arm_description/share/arm_description/hook/ament_prefix_path.sh'
[1.488s] INFO:colcon.colcon_core.shell:Skip shell extension 'powershell' for command environment: Not usable outside of PowerShell
[1.488s] DEBUG:colcon.colcon_core.shell:Skip shell extension 'dsv' for command environment
[1.894s] WARNING:colcon.colcon_ros.task.ament_python.build:Package 'arm_description' doesn't explicitly install a marker in the package index (colcon-ros currently does it implicitly but that fallback will be removed in the future)
[1.896s] INFO:colcon.colcon_core.task.python.build:Building Python package in '/home/omrit/arm_control_april/src/arm_description'
[1.897s] INFO:colcon.colcon_core.shell:Skip shell extension 'powershell' for command environment: Not usable outside of PowerShell
[1.897s] DEBUG:colcon.colcon_core.shell:Skip shell extension 'dsv' for command environment
[0.350s] DEBUG:colcon.colcon_core.event_handler.log_command:Invoking command in '/home/omrit/arm_control_april/src/arm_description': PYTHONPATH=/home/omrit/arm_control_april/src/build/arm_description/prefix_override:/usr/lib/python3/dist-packages/colcon_core/task/python/colcon_distutils_commands:/home/omrit/arm_control_april/src/install/arm_description/lib/python3.10/site-packages:${PYTHONPATH} /usr/bin/python3 -W ignore:setup.py install is deprecated -W ignore:easy_install command is deprecated setup.py egg_info --egg-base ../build/arm_description build --build-base /home/omrit/arm_control_april/src/build/arm_description/build install --record /home/omrit/arm_control_april/src/build/arm_description/install.log --single-version-externally-managed install_data
[0.805s] DEBUG:colcon.colcon_core.event_handler.log_command:Invoked command in '/home/omrit/arm_control_april/src/arm_description' returned '0': PYTHONPATH=/home/omrit/arm_control_april/src/build/arm_description/prefix_override:/usr/lib/python3/dist-packages/colcon_core/task/python/colcon_distutils_commands:/home/omrit/arm_control_april/src/install/arm_description/lib/python3.10/site-packages:${PYTHONPATH} /usr/bin/python3 -W ignore:setup.py install is deprecated -W ignore:easy_install command is deprecated setup.py egg_info --egg-base ../build/arm_description build --build-base /home/omrit/arm_control_april/src/build/arm_description/build install --record /home/omrit/arm_control_april/src/build/arm_description/install.log --single-version-externally-managed install_data
[0.821s] Level 1:colcon.colcon_core.environment:checking '/home/omrit/arm_control_april/src/install/arm_description' for CMake module files
[0.821s] Level 1:colcon.colcon_core.environment:checking '/home/omrit/arm_control_april/src/install/arm_description' for CMake config files
[0.822s] Level 1:colcon.colcon_core.environment:checking '/home/omrit/arm_control_april/src/install/arm_description/lib'
[0.822s] Level 1:colcon.colcon_core.environment:checking '/home/omrit/arm_control_april/src/install/arm_description/bin'
[0.822s] Level 1:colcon.colcon_core.environment:checking '/home/omrit/arm_control_april/src/install/arm_description/lib/pkgconfig/arm_description.pc'
[0.823s] Level 1:colcon.colcon_core.environment:checking '/home/omrit/arm_control_april/src/install/arm_description/lib/python3.10/site-packages'
[0.823s] Level 1:colcon.colcon_core.shell:create_environment_hook('arm_description', 'pythonpath')
[0.823s] INFO:colcon.colcon_core.shell:Creating environment hook '/home/omrit/arm_control_april/src/install/arm_description/share/arm_description/hook/pythonpath.ps1'
[0.824s] INFO:colcon.colcon_core.shell:Creating environment descriptor '/home/omrit/arm_control_april/src/install/arm_description/share/arm_description/hook/pythonpath.dsv'
[0.824s] INFO:colcon.colcon_core.shell:Creating environment hook '/home/omrit/arm_control_april/src/install/arm_description/share/arm_description/hook/pythonpath.sh'
[0.825s] Level 1:colcon.colcon_core.environment:checking '/home/omrit/arm_control_april/src/install/arm_description/bin'
[0.825s] Level 1:colcon.colcon_core.environment:create_environment_scripts_only(arm_description)
[0.826s] INFO:colcon.colcon_core.shell:Creating package script '/home/omrit/arm_control_april/src/install/arm_description/share/arm_description/package.ps1'
[0.828s] INFO:colcon.colcon_core.shell:Creating package descriptor '/home/omrit/arm_control_april/src/install/arm_description/share/arm_description/package.dsv'
[0.831s] INFO:colcon.colcon_core.shell:Creating package script '/home/omrit/arm_control_april/src/install/arm_description/share/arm_description/package.sh'
[0.833s] INFO:colcon.colcon_core.shell:Creating package script '/home/omrit/arm_control_april/src/install/arm_description/share/arm_description/package.bash'
[0.835s] INFO:colcon.colcon_core.shell:Creating package script '/home/omrit/arm_control_april/src/install/arm_description/share/arm_description/package.zsh'
[0.837s] Level 1:colcon.colcon_core.environment:create_file_with_runtime_dependencies(/home/omrit/arm_control_april/src/install/arm_description/share/colcon-core/packages/arm_description)
[0.838s] DEBUG:colcon.colcon_parallel_executor.executor.parallel:closing loop
[0.839s] DEBUG:colcon.colcon_parallel_executor.executor.parallel:loop closed
[0.839s] DEBUG:colcon.colcon_parallel_executor.executor.parallel:run_until_complete finished with '0'
[0.839s] DEBUG:colcon.colcon_core.event_reactor:joining thread
[0.974s] INFO:colcon.colcon_core.plugin_system:Skipping extension 'colcon_notification.desktop_notification.notify_send': Could not find 'notify-send'
[0.974s] INFO:colcon.colcon_core.plugin_system:Skipping extension 'colcon_notification.desktop_notification.terminal_notifier': Not used on non-Darwin systems
[0.974s] INFO:colcon.colcon_core.plugin_system:Skipping extension 'colcon_notification.desktop_notification.win32': Not used on non-Windows systems
[0.974s] INFO:colcon.colcon_notification.desktop_notification:Sending desktop notification using 'notify2'
[0.980s] DEBUG:colcon.colcon_notification.desktop_notification.notify2:Failed to initialize notify2: org.freedesktop.DBus.Error.ServiceUnknown: The name org.freedesktop.Notifications was not provided by any .service files
[0.980s] DEBUG:colcon.colcon_core.event_reactor:joined thread
[0.981s] INFO:colcon.colcon_core.shell:Creating prefix script '/home/omrit/arm_control_april/src/install/local_setup.ps1'
[0.984s] INFO:colcon.colcon_core.shell:Creating prefix util module '/home/omrit/arm_control_april/src/install/_local_setup_util_ps1.py'
[0.987s] INFO:colcon.colcon_core.shell:Creating prefix chain script '/home/omrit/arm_control_april/src/install/setup.ps1'
[0.989s] INFO:colcon.colcon_core.shell:Creating prefix script '/home/omrit/arm_control_april/src/install/local_setup.sh'
[0.991s] INFO:colcon.colcon_core.shell:Creating prefix util module '/home/omrit/arm_control_april/src/install/_local_setup_util_sh.py'
[0.992s] INFO:colcon.colcon_core.shell:Creating prefix chain script '/home/omrit/arm_control_april/src/install/setup.sh'
[0.994s] INFO:colcon.colcon_core.shell:Creating prefix script '/home/omrit/arm_control_april/src/install/local_setup.bash'
[0.997s] INFO:colcon.colcon_core.shell:Creating prefix chain script '/home/omrit/arm_control_april/src/install/setup.bash'
[0.999s] INFO:colcon.colcon_core.shell:Creating prefix script '/home/omrit/arm_control_april/src/install/local_setup.zsh'
[1.001s] INFO:colcon.colcon_core.shell:Creating prefix chain script '/home/omrit/arm_control_april/src/install/setup.zsh'
