[1.859s] Invoking command in '/home/omrit/arm_control_april/src/arm_description': PYTHONPATH=/home/omrit/arm_control_april/src/build/arm_description/prefix_override:/usr/lib/python3/dist-packages/colcon_core/task/python/colcon_distutils_commands:/home/omrit/arm_control_april/src/install/arm_description/lib/python3.10/site-packages:${PYTHONPATH} /usr/bin/python3 -W ignore:setup.py install is deprecated -W ignore:easy_install command is deprecated setup.py egg_info --egg-base ../build/arm_description build --build-base /home/omrit/arm_control_april/src/build/arm_description/build install --record /home/omrit/arm_control_april/src/build/arm_description/install.log --single-version-externally-managed install_data
[2.300s] running egg_info
[2.302s] writing ../build/arm_description/arm_description.egg-info/PKG-INFO
[2.304s] writing dependency_links to ../build/arm_description/arm_description.egg-info/dependency_links.txt
[2.304s] writing entry points to ../build/arm_description/arm_description.egg-info/entry_points.txt
[2.305s] writing requirements to ../build/arm_description/arm_description.egg-info/requires.txt
[2.305s] writing top-level names to ../build/arm_description/arm_description.egg-info/top_level.txt
[2.310s] reading manifest file '../build/arm_description/arm_description.egg-info/SOURCES.txt'
[2.314s] writing manifest file '../build/arm_description/arm_description.egg-info/SOURCES.txt'
[2.315s] running build
[2.315s] running build_py
[2.315s] running install
[2.316s] running install_lib
[2.320s] running install_data
[2.320s] running install_egg_info
[2.323s] removing '/home/omrit/arm_control_april/src/install/arm_description/lib/python3.10/site-packages/arm_description-0.0.0-py3.10.egg-info' (and everything under it)
[2.326s] Copying ../build/arm_description/arm_description.egg-info to /home/omrit/arm_control_april/src/install/arm_description/lib/python3.10/site-packages/arm_description-0.0.0-py3.10.egg-info
[2.331s] running install_scripts
[2.386s] writing list of installed files to '/home/omrit/arm_control_april/src/build/arm_description/install.log'
[2.486s] Invoked command in '/home/omrit/arm_control_april/src/arm_description' returned '0': PYTHONPATH=/home/omrit/arm_control_april/src/build/arm_description/prefix_override:/usr/lib/python3/dist-packages/colcon_core/task/python/colcon_distutils_commands:/home/omrit/arm_control_april/src/install/arm_description/lib/python3.10/site-packages:${PYTHONPATH} /usr/bin/python3 -W ignore:setup.py install is deprecated -W ignore:easy_install command is deprecated setup.py egg_info --egg-base ../build/arm_description build --build-base /home/omrit/arm_control_april/src/build/arm_description/build install --record /home/omrit/arm_control_april/src/build/arm_description/install.log --single-version-externally-managed install_data
